bandme/android/app/build 2/intermediates/manifest_merge_blame_file/debug/manifest-merger-blame-debug-report 3.txt
1<?xml version="1.0" encoding="utf-8"?>
2<manifest xmlns:android="http://schemas.android.com/apk/res/android"
3    package="com.bandme"
4    android:versionCode="1"
5    android:versionName="1.0" >
6
7    <uses-sdk
8        android:minSdkVersion="21"
9        android:targetSdkVersion="30" />
10
11    <uses-permission android:name="android.permission.SYSTEM_ALERT_WINDOW" />
11-->src/debug/AndroidManifest.xml:5:5-77
11-->src/debug/AndroidManifest.xml:5:22-75
12    <uses-permission android:name="android.permission.INTERNET" />
12-->src/main/AndroidManifest.xml:4:5-67
12-->src/main/AndroidManifest.xml:4:22-64
13    <uses-permission android:name="android.permission.ACCESS_WIFI_STATE" />
13-->[com.facebook.flipper:flipper:0.99.0] AndroidManifest.xml:16:5-76
13-->[com.facebook.flipper:flipper:0.99.0] AndroidManifest.xml:16:22-73
14    <uses-permission android:name="com.google.android.finsky.permission.BIND_GET_INSTALL_REFERRER_SERVICE" />
14-->[com.android.installreferrer:installreferrer:1.0] AndroidManifest.xml:9:5-110
14-->[com.android.installreferrer:installreferrer:1.0] AndroidManifest.xml:9:22-107
15
16    <application
16-->src/main/AndroidManifest.xml:6:5-25:19
17        android:name="com.bandme.MainApplication"
17-->src/main/AndroidManifest.xml:7:7-38
18        android:allowBackup="false"
18-->src/main/AndroidManifest.xml:11:7-34
19        android:appComponentFactory="androidx.core.app.CoreComponentFactory"
19-->[androidx.core:core:1.6.0] AndroidManifest.xml:24:18-86
20        android:debuggable="true"
21        android:icon="@mipmap/ic_launcher"
21-->src/main/AndroidManifest.xml:9:7-41
22        android:label="@string/app_name"
22-->src/main/AndroidManifest.xml:8:7-39
23        android:roundIcon="@mipmap/ic_launcher_round"
23-->src/main/AndroidManifest.xml:10:7-52
24        android:supportsRtl="true"
24-->[com.facebook.android:facebook-android-sdk:8.2.0] AndroidManifest.xml:28:18-44
25        android:theme="@style/AppTheme"
25-->src/main/AndroidManifest.xml:12:7-38
26        android:usesCleartextTraffic="true" >
26-->src/debug/AndroidManifest.xml:8:9-44
27        <activity android:name="com.facebook.react.devsupport.DevSettingsActivity" />
27-->src/debug/AndroidManifest.xml:11:9-86
27-->src/debug/AndroidManifest.xml:11:19-83
28
29        <meta-data
29-->src/main/AndroidManifest.xml:13:7-105
30            android:name="com.facebook.sdk.ApplicationId"
30-->src/main/AndroidManifest.xml:13:18-63
31            android:value="@string/facebook_app_id" />
31-->src/main/AndroidManifest.xml:13:64-103
32
33        <activity
33-->src/main/AndroidManifest.xml:14:7-24:18
34            android:name="com.bandme.MainActivity"
34-->src/main/AndroidManifest.xml:15:9-37
35            android:configChanges="keyboard|keyboardHidden|orientation|screenSize|uiMode"
35-->src/main/AndroidManifest.xml:17:9-86
36            android:label="@string/app_name"
36-->src/main/AndroidManifest.xml:16:9-41
37            android:launchMode="singleTask"
37-->src/main/AndroidManifest.xml:18:9-40
38            android:windowSoftInputMode="adjustResize" >
38-->src/main/AndroidManifest.xml:19:9-51
39            <intent-filter>
39-->src/main/AndroidManifest.xml:20:9-23:25
40                <action android:name="android.intent.action.MAIN" />
40-->src/main/AndroidManifest.xml:21:13-65
40-->src/main/AndroidManifest.xml:21:21-62
41
42                <category android:name="android.intent.category.LAUNCHER" />
42-->src/main/AndroidManifest.xml:22:13-73
42-->src/main/AndroidManifest.xml:22:23-70
43            </intent-filter>
44        </activity>
45        <activity
45-->[com.google.android.gms:play-services-auth:16.0.1] AndroidManifest.xml:23:9-27:75
46            android:name="com.google.android.gms.auth.api.signin.internal.SignInHubActivity"
46-->[com.google.android.gms:play-services-auth:16.0.1] AndroidManifest.xml:24:13-93
47            android:excludeFromRecents="true"
47-->[com.google.android.gms:play-services-auth:16.0.1] AndroidManifest.xml:25:13-46
48            android:exported="false"
48-->[com.google.android.gms:play-services-auth:16.0.1] AndroidManifest.xml:26:13-37
49            android:theme="@android:style/Theme.Translucent.NoTitleBar" />
49-->[com.google.android.gms:play-services-auth:16.0.1] AndroidManifest.xml:27:13-72
50        <!--
51            Service handling Google Sign-In user revocation. For apps that do not integrate with
52            Google Sign-In, this service will never be started.
53        -->
54        <service
54-->[com.google.android.gms:play-services-auth:16.0.1] AndroidManifest.xml:33:9-36:110
55            android:name="com.google.android.gms.auth.api.signin.RevocationBoundService"
55-->[com.google.android.gms:play-services-auth:16.0.1] AndroidManifest.xml:34:13-89
56            android:exported="true"
56-->[com.google.android.gms:play-services-auth:16.0.1] AndroidManifest.xml:35:13-36
57            android:permission="com.google.android.gms.auth.api.signin.permission.REVOCATION_NOTIFICATION" />
57-->[com.google.android.gms:play-services-auth:16.0.1] AndroidManifest.xml:36:13-107
58
59        <activity
59-->[com.google.android.gms:play-services-base:16.0.1] AndroidManifest.xml:23:9-26:75
60            android:name="com.google.android.gms.common.api.GoogleApiActivity"
60-->[com.google.android.gms:play-services-base:16.0.1] AndroidManifest.xml:24:13-79
61            android:exported="false"
61-->[com.google.android.gms:play-services-base:16.0.1] AndroidManifest.xml:25:13-37
62            android:theme="@android:style/Theme.Translucent.NoTitleBar" />
62-->[com.google.android.gms:play-services-base:16.0.1] AndroidManifest.xml:26:13-72
63
64        <meta-data
64-->[com.google.android.gms:play-services-basement:16.0.1] AndroidManifest.xml:23:9-25:69
65            android:name="com.google.android.gms.version"
65-->[com.google.android.gms:play-services-basement:16.0.1] AndroidManifest.xml:24:13-58
66            android:value="@integer/google_play_services_version" />
66-->[com.google.android.gms:play-services-basement:16.0.1] AndroidManifest.xml:25:13-66
67
68        <activity
68-->[com.facebook.android:facebook-common:8.2.0] AndroidManifest.xml:30:9-33:66
69            android:name="com.facebook.FacebookActivity"
69-->[com.facebook.android:facebook-common:8.2.0] AndroidManifest.xml:31:13-57
70            android:configChanges="keyboard|keyboardHidden|screenLayout|screenSize|orientation"
70-->[com.facebook.android:facebook-common:8.2.0] AndroidManifest.xml:32:13-96
71            android:theme="@style/com_facebook_activity_theme" />
71-->[com.facebook.android:facebook-common:8.2.0] AndroidManifest.xml:33:13-63
72        <activity android:name="com.facebook.CustomTabMainActivity" />
72-->[com.facebook.android:facebook-common:8.2.0] AndroidManifest.xml:34:9-71
72-->[com.facebook.android:facebook-common:8.2.0] AndroidManifest.xml:34:19-68
73        <activity
73-->[com.facebook.android:facebook-common:8.2.0] AndroidManifest.xml:35:9-49:20
74            android:name="com.facebook.CustomTabActivity"
74-->[com.facebook.android:facebook-common:8.2.0] AndroidManifest.xml:36:13-58
75            android:exported="true" >
75-->[com.facebook.android:facebook-common:8.2.0] AndroidManifest.xml:37:13-36
76            <intent-filter>
76-->[com.facebook.android:facebook-common:8.2.0] AndroidManifest.xml:39:13-48:29
77                <action android:name="android.intent.action.VIEW" />
77-->[com.facebook.android:facebook-common:8.2.0] AndroidManifest.xml:40:17-69
77-->[com.facebook.android:facebook-common:8.2.0] AndroidManifest.xml:40:25-66
78
79                <category android:name="android.intent.category.DEFAULT" />
79-->[com.facebook.android:facebook-common:8.2.0] AndroidManifest.xml:42:17-76
79-->[com.facebook.android:facebook-common:8.2.0] AndroidManifest.xml:42:27-73
80                <category android:name="android.intent.category.BROWSABLE" />
80-->[com.facebook.android:facebook-common:8.2.0] AndroidManifest.xml:43:17-78
80-->[com.facebook.android:facebook-common:8.2.0] AndroidManifest.xml:43:27-75
81
82                <data
82-->[com.facebook.android:facebook-common:8.2.0] AndroidManifest.xml:45:17-47:50
83                    android:host="cct.com.bandme"
83-->[com.facebook.android:facebook-common:8.2.0] AndroidManifest.xml:46:21-56
84                    android:scheme="fbconnect" />
84-->[com.facebook.android:facebook-common:8.2.0] AndroidManifest.xml:47:21-47
85            </intent-filter>
86        </activity>
87        <!--
88         The initialization ContentProvider will call FacebookSdk.sdkInitialize automatically
89         with the application context. This config is merged in with the host app's manifest,
90         but there can only be one provider with the same authority activated at any given
91         point; so if the end user has two or more different apps that use Facebook SDK, only the
92         first one will be able to use the provider. To work around this problem, we use the
93         following placeholder in the authority to identify each host application as if it was
94         a completely different provider.
95        -->
96        <provider
96-->[com.facebook.android:facebook-core:8.2.0] AndroidManifest.xml:39:9-42:40
97            android:name="com.facebook.internal.FacebookInitProvider"
97-->[com.facebook.android:facebook-core:8.2.0] AndroidManifest.xml:40:13-70
98            android:authorities="com.bandme.FacebookInitProvider"
98-->[com.facebook.android:facebook-core:8.2.0] AndroidManifest.xml:41:13-72
99            android:exported="false" />
99-->[com.facebook.android:facebook-core:8.2.0] AndroidManifest.xml:42:13-37
100
101        <receiver
101-->[com.facebook.android:facebook-core:8.2.0] AndroidManifest.xml:44:9-50:20
102            android:name="com.facebook.CurrentAccessTokenExpirationBroadcastReceiver"
102-->[com.facebook.android:facebook-core:8.2.0] AndroidManifest.xml:45:13-86
103            android:exported="false" >
103-->[com.facebook.android:facebook-core:8.2.0] AndroidManifest.xml:46:13-37
104            <intent-filter>
104-->[com.facebook.android:facebook-core:8.2.0] AndroidManifest.xml:47:13-49:29
105                <action android:name="com.facebook.sdk.ACTION_CURRENT_ACCESS_TOKEN_CHANGED" />
105-->[com.facebook.android:facebook-core:8.2.0] AndroidManifest.xml:48:17-95
105-->[com.facebook.android:facebook-core:8.2.0] AndroidManifest.xml:48:25-92
106            </intent-filter>
107        </receiver>
108    </application>
109
110</manifest>